<?xml version="1.0" encoding="UTF-8"?>
<!-- Generated by org.testng.reporters.JUnitXMLReporter -->
<testsuite ignored="0" hostname="SR-Vishal" failures="0" tests="1" name="TestBlock2" time="0.276" errors="0" timestamp="2023-03-24T03:40:09 IST">
  <testcase classname="com.noteb.generic.BaseClass" name="@BeforeClass openBrowser" time="0.084">
    <failure type="java.lang.NullPointerException" message="Cannot invoke &amp;quot;org.openqa.selenium.WebDriver.manage()&amp;quot; because &amp;quot;this.driver&amp;quot; is null">
      <![CDATA[java.lang.NullPointerException: Cannot invoke "org.openqa.selenium.WebDriver.manage()" because "this.driver" is null
at com.noteb.generic.BaseClass.openBrowser(BaseClass.java:32)
at java.base/java.util.ArrayList.forEach(ArrayList.java:1511)
at java.base/java.util.concurrent.FutureTask.run(FutureTask.java:264)
at java.base/java.util.concurrent.ThreadPoolExecutor.runWorker(ThreadPoolExecutor.java:1136)
at java.base/java.util.concurrent.ThreadPoolExecutor$Worker.run(ThreadPoolExecutor.java:635)
at java.base/java.lang.Thread.run(Thread.java:833)
... Removed 14 stack frames]]>
    </failure>
  </testcase> <!-- @BeforeClass openBrowser -->
  <testcase classname="com.noteb.generic.BaseClass" name="@AfterClass closeBrowser" time="-1.67960940927E9">
    <skipped/>
  </testcase> <!-- @AfterClass closeBrowser -->
  <testcase classname="com.noteb.testscript.BudgetFilter" name="verifyBudgetFilter" time="0.0">
    <skipped/>
  </testcase> <!-- verifyBudgetFilter -->
</testsuite> <!-- TestBlock2 -->
